Success (4):
content 10148 _a-0000dbb4-d510-8000-5130-010000010000_10838 "AM_TITLE_MED_CDERT_FIRED"
application 18394 _a-0000dc11-109f-8000-5130-010000010000_19405 "Test2"
recordType 9 b615d9f9-9e93-4318-beb8-5c89c3599d90 "Account"
tempoReport 6 4766dd29-6e77-4473-8956-0d3d4191ca3f "Get Imported Hr Group Mapping"

Referenced precedents that were not exported (12):
datatype 2516 {OHA}Users
user neera.sharma neera.sharma
group 25 _e-0000db81-7a1f-8000-512d-010000010000_25
group 27 _e-0000db81-7a1f-8000-512d-010000010000_27
group 26 _e-0000db81-7a1f-8000-512d-010000010000_26
content 10112 _a-0000dbb4-d510-8000-5130-010000010000_10802
content 3422 b83eb669-c577-4782-85fa-87c3085f05e1
content 3425 6fa7c9cc-fdcd-4609-ab9e-edcc859637e4
content 3463 cef98ddc-d0a7-46cf-bb28-9911adaf07dc
content 3404 31f9a45d-9849-420d-976d-ed5ceec43a91
content 16758 _a-0000dc11-109f-8000-5130-010000010000_17608
processModel 3404 0005dc11-120b-8000-5131-010000010000

Trace:
2015-11-30 14:51:30.044 DEBUG application 18394 _a-0000dc11-109f-8000-5130-010000010000_19405 Begin transport.
2015-11-30 14:51:30.044 DEBUG application 18394 _a-0000dc11-109f-8000-5130-010000010000_19405 Retrieving object data.
2015-11-30 14:51:30.047 DEBUG application 18394 _a-0000dc11-109f-8000-5130-010000010000_19405 App associated objects: GlobalIdMap[content=[_a-0000dbb4-d510-8000-5130-010000010000_10838],recordType=[b615d9f9-9e93-4318-beb8-5c89c3599d90],tempoReport=[4766dd29-6e77-4473-8956-0d3d4191ca3f]]
2015-11-30 14:51:30.069 DEBUG application 18394 _a-0000dc11-109f-8000-5130-010000010000_19405 Invalid associated objects: GlobalIdMap[]
2015-11-30 14:51:30.069 DEBUG application 18394 _a-0000dc11-109f-8000-5130-010000010000_19405 Adding valid associated objects to be exported: GlobalBindingMap[content={_a-0000dbb4-d510-8000-5130-010000010000_10838=10148},recordType={b615d9f9-9e93-4318-beb8-5c89c3599d90=9},tempoReport={4766dd29-6e77-4473-8956-0d3d4191ca3f=6}]
2015-11-30 14:51:30.069 DEBUG application 18394 _a-0000dc11-109f-8000-5130-010000010000_19405 Setting uuids of object references.
2015-11-30 14:51:30.069 DEBUG application 18394 _a-0000dc11-109f-8000-5130-010000010000_19405 Processing reference: Application.forum
2015-11-30 14:51:30.07 DEBUG application 18394 _a-0000dc11-109f-8000-5130-010000010000_19405 Processing reference: Application.parent
2015-11-30 14:51:30.073 DEBUG application 18394 _a-0000dc11-109f-8000-5130-010000010000_19405 Processing reference: com.appiancorp.suiteapi.content.ContentRoleMap@56bc4b7e[
  ContentRole[name=readers,inherit=false,allowForAll=false]
  ContentRole[name=authors,inherit=false,allowForAll=false]
  ContentRole[name=administrators,inherit=false,allowForAll=false]
  ContentRole[name=denyReaders,inherit=false,allowForAll=false]
  ContentRole[name=denyAuthors,inherit=false,allowForAll=false]
  ContentRole[name=denyAdministrators,inherit=false,allowForAll=false]
  securityVector=1:SEC_PUBLIC=true,SEC_CREATOR_ADMIN=false,SEC_INH_ADMIN=false,SEC_INH_EDITOR=false,SEC_INH_VIEWER=false,SEC_ALL_ADMIN=false,SEC_ALL_EDITOR=false,SEC_ALL_VIEWER=false
]
2015-11-30 14:51:30.073 DEBUG application 18394 _a-0000dc11-109f-8000-5130-010000010000_19405 Processing reference: ContentRole[name=readers,inherit=false,allowForAll=false]
2015-11-30 14:51:30.073 DEBUG application 18394 _a-0000dc11-109f-8000-5130-010000010000_19405 Processing reference: ContentRole[name=authors,inherit=false,allowForAll=false]
2015-11-30 14:51:30.073 DEBUG application 18394 _a-0000dc11-109f-8000-5130-010000010000_19405 Processing reference: ContentRole[name=administrators,inherit=false,allowForAll=false]
2015-11-30 14:51:30.073 DEBUG application 18394 _a-0000dc11-109f-8000-5130-010000010000_19405 Processing reference: ContentRole[name=denyReaders,inherit=false,allowForAll=false]
2015-11-30 14:51:30.073 DEBUG application 18394 _a-0000dc11-109f-8000-5130-010000010000_19405 Processing reference: ContentRole[name=denyAuthors,inherit=false,allowForAll=false]
2015-11-30 14:51:30.073 DEBUG application 18394 _a-0000dc11-109f-8000-5130-010000010000_19405 Processing reference: ContentRole[name=denyAdministrators,inherit=false,allowForAll=false]
2015-11-30 14:51:30.075 DEBUG content 10148 _a-0000dbb4-d510-8000-5130-010000010000_10838 Begin transport.
2015-11-30 14:51:30.075 DEBUG content 10148 _a-0000dbb4-d510-8000-5130-010000010000_10838 Retrieving object data.
2015-11-30 14:51:30.556 DEBUG content 10148 _a-0000dbb4-d510-8000-5130-010000010000_10838 Setting uuids of object references.
2015-11-30 14:51:30.556 DEBUG content 10148 _a-0000dbb4-d510-8000-5130-010000010000_10838 Processing reference: [Content:id=10148,versionId=-1,name=AM_TITLE_MED_CDERT_FIRED,description=Holds value for file note title Medical Certificate Fired,type=32,subtype=0,uuid=_a-0000dbb4-d510-8000-5130-010000010000_10838,parent=10112,parentName=File Note Title,parentType=2,log=10148,logName=AM_TITLE_MED_CDERT_FIRED,state=255,visibility=35,security=143,creator=neera.sharma,createdTimestamp=2015-11-09 03:14:47.0,updatedTimestamp=2015-11-09 03:14:47.0,size=0,lockedBy=,changesRequireApproval=false,attributes={system=0, hidden=0, ruletype=0, multiple=0, value=Medical Certificate Trigger Fired, returnType=3},partition=1,partitionName=D:/Apps/Appian/_admin/accdocs1]
2015-11-30 14:51:30.556 DEBUG content 10148 _a-0000dbb4-d510-8000-5130-010000010000_10838 Processing reference: Constant.forum
2015-11-30 14:51:30.557 DEBUG content 10148 _a-0000dbb4-d510-8000-5130-010000010000_10838 Processing reference: Constant.parent
2015-11-30 14:51:30.56 DEBUG content 10148 _a-0000dbb4-d510-8000-5130-010000010000_10838 Processing reference: com.appiancorp.suiteapi.content.ContentRoleMap@6a0f21a2[
  ContentRole[name=readers,inherit=true,allowForAll=false]
  ContentRole[name=authors,inherit=true,allowForAll=false]
  ContentRole[name=administrators,usernames=[neera.sharma],inherit=true,allowForAll=false]
  ContentRole[name=denyReaders,inherit=false,allowForAll=false]
  ContentRole[name=denyAuthors,inherit=false,allowForAll=false]
  ContentRole[name=denyAdministrators,inherit=false,allowForAll=false]
  securityVector=143:SEC_PUBLIC=true,SEC_CREATOR_ADMIN=true,SEC_INH_ADMIN=true,SEC_INH_EDITOR=true,SEC_INH_VIEWER=true,SEC_ALL_ADMIN=false,SEC_ALL_EDITOR=false,SEC_ALL_VIEWER=false
]
2015-11-30 14:51:30.56 DEBUG content 10148 _a-0000dbb4-d510-8000-5130-010000010000_10838 Processing reference: ContentRole[name=readers,inherit=true,allowForAll=false]
2015-11-30 14:51:30.56 DEBUG content 10148 _a-0000dbb4-d510-8000-5130-010000010000_10838 Processing reference: ContentRole[name=authors,inherit=true,allowForAll=false]
2015-11-30 14:51:30.56 DEBUG content 10148 _a-0000dbb4-d510-8000-5130-010000010000_10838 Processing reference: ContentRole[name=administrators,usernames=[neera.sharma],inherit=true,allowForAll=false]
2015-11-30 14:51:30.561 DEBUG content 10148 _a-0000dbb4-d510-8000-5130-010000010000_10838 Processing reference: ContentRole[name=denyReaders,inherit=false,allowForAll=false]
2015-11-30 14:51:30.561 DEBUG content 10148 _a-0000dbb4-d510-8000-5130-010000010000_10838 Processing reference: ContentRole[name=denyAuthors,inherit=false,allowForAll=false]
2015-11-30 14:51:30.561 DEBUG content 10148 _a-0000dbb4-d510-8000-5130-010000010000_10838 Processing reference: ContentRole[name=denyAdministrators,inherit=false,allowForAll=false]
2015-11-30 14:51:30.561 DEBUG content 10148 _a-0000dbb4-d510-8000-5130-010000010000_10838 Exporting binary resources.
2015-11-30 14:51:30.561 DEBUG content 10148 _a-0000dbb4-d510-8000-5130-010000010000_10838 Serializing object to XML.
2015-11-30 14:51:30.564 DEBUG content 10148 _a-0000dbb4-d510-8000-5130-010000010000_10838 Object transported.
2015-11-30 14:51:30.584 DEBUG recordType 9 b615d9f9-9e93-4318-beb8-5c89c3599d90 Begin transport.
2015-11-30 14:51:30.584 DEBUG recordType 9 b615d9f9-9e93-4318-beb8-5c89c3599d90 Retrieving object data.
2015-11-30 14:51:30.646 DEBUG recordType 9 b615d9f9-9e93-4318-beb8-5c89c3599d90 Setting uuids of object references.
2015-11-30 14:51:30.646 DEBUG recordType 9 b615d9f9-9e93-4318-beb8-5c89c3599d90 Processing reference: RecordType.dataSrcExpr
2015-11-30 14:51:30.649 DEBUG recordType 9 b615d9f9-9e93-4318-beb8-5c89c3599d90 Processing reference: RecordType.defaultFilters
2015-11-30 14:51:30.649 DEBUG recordType 9 b615d9f9-9e93-4318-beb8-5c89c3599d90 Processing reference: RecordType.defaultFiltersExpr
2015-11-30 14:51:30.649 DEBUG recordType 9 b615d9f9-9e93-4318-beb8-5c89c3599d90 Processing reference: DetailViewCfg.headerExpr
2015-11-30 14:51:30.649 DEBUG recordType 9 b615d9f9-9e93-4318-beb8-5c89c3599d90 Processing reference: DetailViewCfg.nameExpr
2015-11-30 14:51:30.649 DEBUG recordType 9 b615d9f9-9e93-4318-beb8-5c89c3599d90 Processing reference: DetailViewCfg.uiExpr
2015-11-30 14:51:30.65 DEBUG recordType 9 b615d9f9-9e93-4318-beb8-5c89c3599d90 Processing reference: DetailViewCfg.visibilityExpr
2015-11-30 14:51:30.651 DEBUG recordType 9 b615d9f9-9e93-4318-beb8-5c89c3599d90 Processing reference: RecordType.facetsListExpr
2015-11-30 14:51:30.653 DEBUG recordType 9 b615d9f9-9e93-4318-beb8-5c89c3599d90 Processing reference: RecordType.listViewTemplateExpr
2015-11-30 14:51:30.655 DEBUG recordType 9 b615d9f9-9e93-4318-beb8-5c89c3599d90 Processing reference: RelatedActionCfg.contextExpr
2015-11-30 14:51:30.655 DEBUG recordType 9 b615d9f9-9e93-4318-beb8-5c89c3599d90 Processing reference: RelatedActionCfg.target
2015-11-30 14:51:30.66 DEBUG recordType 9 b615d9f9-9e93-4318-beb8-5c89c3599d90 Processing reference: RelatedActionCfg.visibilityExpr
2015-11-30 14:51:30.66 DEBUG recordType 9 b615d9f9-9e93-4318-beb8-5c89c3599d90 Processing reference: RecordType.source
2015-11-30 14:51:30.663 DEBUG recordType 9 b615d9f9-9e93-4318-beb8-5c89c3599d90 Processing reference: Role[name=record_type_administrator,groupIds=[25]]
2015-11-30 14:51:30.664 DEBUG recordType 9 b615d9f9-9e93-4318-beb8-5c89c3599d90 Processing reference: Role[name=record_type_viewer,groupIds=[27]]
2015-11-30 14:51:30.665 DEBUG recordType 9 b615d9f9-9e93-4318-beb8-5c89c3599d90 Processing reference: Role[name=record_type_editor,groupIds=[26]]
2015-11-30 14:51:30.666 DEBUG recordType 9 b615d9f9-9e93-4318-beb8-5c89c3599d90 Exporting binary resources.
2015-11-30 14:51:30.666 DEBUG recordType 9 b615d9f9-9e93-4318-beb8-5c89c3599d90 Serializing object to XML.
2015-11-30 14:51:30.667 DEBUG recordType 9 b615d9f9-9e93-4318-beb8-5c89c3599d90 Object transported.
2015-11-30 14:51:30.754 DEBUG tempoReport 6 4766dd29-6e77-4473-8956-0d3d4191ca3f Begin transport.
2015-11-30 14:51:30.754 DEBUG tempoReport 6 4766dd29-6e77-4473-8956-0d3d4191ca3f Retrieving object data.
2015-11-30 14:51:30.943 DEBUG tempoReport 6 4766dd29-6e77-4473-8956-0d3d4191ca3f Setting uuids of object references.
2015-11-30 14:51:30.944 DEBUG tempoReport 6 4766dd29-6e77-4473-8956-0d3d4191ca3f Processing reference: UiContainer.uiExpr
2015-11-30 14:51:30.949 DEBUG tempoReport 6 4766dd29-6e77-4473-8956-0d3d4191ca3f Exporting binary resources.
2015-11-30 14:51:30.949 DEBUG tempoReport 6 4766dd29-6e77-4473-8956-0d3d4191ca3f Serializing object to XML.
2015-11-30 14:51:30.949 DEBUG tempoReport 6 4766dd29-6e77-4473-8956-0d3d4191ca3f Object transported.
2015-11-30 14:51:30.949 DEBUG application 18394 _a-0000dc11-109f-8000-5130-010000010000_19405 Exporting binary resources.
2015-11-30 14:51:30.949 DEBUG application 18394 _a-0000dc11-109f-8000-5130-010000010000_19405 Serializing object to XML.
2015-11-30 14:51:30.95 DEBUG application 18394 _a-0000dc11-109f-8000-5130-010000010000_19405 Object transported.
